0 verbose cli /home/ubuntu/.nvm/versions/node/v22.13.0/bin/node /home/ubuntu/.nvm/versions/node/v22.13.0/lib/node_modules/npm/bin/npm-cli.js
1 info using npm@10.9.2
2 info using node@v22.13.0
3 silly config load:file:/home/ubuntu/.nvm/versions/node/v22.13.0/lib/node_modules/npm/npmrc
4 silly config load:file:/home/ubuntu/promtaki/frontend/.npmrc
5 silly config load:file:/home/ubuntu/.npmrc
6 silly config load:file:/home/ubuntu/.nvm/versions/node/v22.13.0/etc/npmrc
7 verbose title npm exec create-react-app .
8 verbose argv "exec" "--" "create-react-app" "."
9 verbose logfile logs-max:10 dir:/home/ubuntu/.npm/_logs/2025-04-10T16_58_47_262Z-
10 verbose logfile /home/ubuntu/.npm/_logs/2025-04-10T16_58_47_262Z-debug-0.log
11 silly logfile done cleaning log files
12 silly packumentCache heap:2117074944 maxSize:529268736 maxEntrySize:264634368
13 http fetch GET 200 https://registry.npmjs.org/create-react-app 141ms (cache miss)
14 silly packumentCache heap:2117074944 maxSize:529268736 maxEntrySize:264634368
15 silly packumentCache heap:2117074944 maxSize:529268736 maxEntrySize:264634368
16 silly idealTree buildDeps
17 silly fetch manifest create-react-app@5.1.0
18 silly packumentCache full:https://registry.npmjs.org/create-react-app cache-miss
19 http fetch GET 200 https://registry.npmjs.org/create-react-app 58ms (cache miss)
20 silly packumentCache full:https://registry.npmjs.org/create-react-app set size:undefined disposed:false
21 silly placeDep ROOT create-react-app@5.1.0 OK for:  want: 5.1.0
22 silly fetch manifest tmp@^0.2.1
23 silly packumentCache full:https://registry.npmjs.org/tmp cache-miss
24 silly fetch manifest chalk@^4.1.2
25 silly packumentCache full:https://registry.npmjs.org/chalk cache-miss
26 silly fetch manifest semver@^7.3.5
27 silly packumentCache full:https://registry.npmjs.org/semver cache-miss
28 http cache https://registry.npmjs.org/semver 18ms (cache hit)
29 silly packumentCache full:https://registry.npmjs.org/semver set size:221568 disposed:false
30 silly fetch manifest envinfo@^7.8.1
31 silly packumentCache full:https://registry.npmjs.org/envinfo cache-miss
32 http fetch GET 200 https://registry.npmjs.org/tmp 39ms (cache miss)
33 silly packumentCache full:https://registry.npmjs.org/tmp set size:undefined disposed:false
34 silly fetch manifest prompts@^2.4.2
35 silly packumentCache full:https://registry.npmjs.org/prompts cache-miss
36 http fetch GET 200 https://registry.npmjs.org/chalk 74ms (cache miss)
37 silly packumentCache full:https://registry.npmjs.org/chalk set size:undefined disposed:false
38 silly fetch manifest fs-extra@^10.0.0
39 silly packumentCache full:https://registry.npmjs.org/fs-extra cache-miss
40 http fetch GET 200 https://registry.npmjs.org/prompts 48ms (cache miss)
41 silly packumentCache full:https://registry.npmjs.org/prompts set size:undefined disposed:false
42 silly fetch manifest tar-pack@^3.4.1
43 silly packumentCache full:https://registry.npmjs.org/tar-pack cache-miss
44 http cache https://registry.npmjs.org/fs-extra 17ms (cache hit)
45 silly packumentCache full:https://registry.npmjs.org/fs-extra set size:223131 disposed:false
46 silly fetch manifest commander@^4.1.1
47 silly packumentCache full:https://registry.npmjs.org/commander cache-miss
48 http cache https://registry.npmjs.org/commander 8ms (cache hit)
49 silly packumentCache full:https://registry.npmjs.org/commander set size:336656 disposed:false
50 silly fetch manifest hyperquest@^2.1.3
51 silly packumentCache full:https://registry.npmjs.org/hyperquest cache-miss
52 http fetch GET 200 https://registry.npmjs.org/envinfo 123ms (cache miss)
53 silly packumentCache full:https://registry.npmjs.org/envinfo set size:undefined disposed:false
54 silly fetch manifest cross-spawn@^7.0.3
55 silly packumentCache full:https://registry.npmjs.org/cross-spawn cache-miss
56 http fetch GET 200 https://registry.npmjs.org/tar-pack 62ms (cache miss)
57 silly packumentCache full:https://registry.npmjs.org/tar-pack set size:undefined disposed:false
58 silly fetch manifest validate-npm-package-name@^3.0.0
59 silly packumentCache full:https://registry.npmjs.org/validate-npm-package-name cache-miss
60 http fetch GET 200 https://registry.npmjs.org/hyperquest 42ms (cache miss)
61 silly packumentCache full:https://registry.npmjs.org/hyperquest set size:undefined disposed:false
62 http cache https://registry.npmjs.org/cross-spawn 13ms (cache hit)
63 silly packumentCache full:https://registry.npmjs.org/cross-spawn set size:109066 disposed:false
64 http fetch GET 200 https://registry.npmjs.org/validate-npm-package-name 35ms (cache miss)
65 silly packumentCache full:https://registry.npmjs.org/validate-npm-package-name set size:undefined disposed:false
66 silly placeDep ROOT chalk@4.1.2 OK for: create-react-app@5.1.0 want: ^4.1.2
67 silly placeDep ROOT commander@4.1.1 OK for: create-react-app@5.1.0 want: ^4.1.1
68 silly placeDep ROOT cross-spawn@7.0.6 OK for: create-react-app@5.1.0 want: ^7.0.3
69 silly placeDep ROOT envinfo@7.14.0 OK for: create-react-app@5.1.0 want: ^7.8.1
70 silly placeDep ROOT fs-extra@10.1.0 OK for: create-react-app@5.1.0 want: ^10.0.0
71 silly placeDep ROOT hyperquest@2.1.3 OK for: create-react-app@5.1.0 want: ^2.1.3
72 silly placeDep ROOT prompts@2.4.2 OK for: create-react-app@5.1.0 want: ^2.4.2
73 silly placeDep ROOT semver@7.7.1 OK for: create-react-app@5.1.0 want: ^7.3.5
74 silly placeDep ROOT tar-pack@3.4.1 OK for: create-react-app@5.1.0 want: ^3.4.1
75 silly placeDep ROOT tmp@0.2.3 OK for: create-react-app@5.1.0 want: ^0.2.1
76 silly placeDep ROOT validate-npm-package-name@3.0.0 OK for: create-react-app@5.1.0 want: ^3.0.0
77 silly fetch manifest ansi-styles@^4.1.0
78 silly packumentCache full:https://registry.npmjs.org/ansi-styles cache-miss
79 silly fetch manifest supports-color@^7.1.0
80 silly packumentCache full:https://registry.npmjs.org/supports-color cache-miss
81 silly fetch manifest which@^2.0.1
82 silly packumentCache full:https://registry.npmjs.org/which cache-miss
83 http cache https://registry.npmjs.org/ansi-styles 9ms (cache hit)
84 silly packumentCache full:https://registry.npmjs.org/ansi-styles set size:66356 disposed:false
85 silly fetch manifest path-key@^3.1.0
86 silly packumentCache full:https://registry.npmjs.org/path-key cache-miss
87 http cache https://registry.npmjs.org/supports-color 11ms (cache hit)
88 silly packumentCache full:https://registry.npmjs.org/supports-color set size:115466 disposed:false
89 silly fetch manifest shebang-command@^2.0.0
90 silly packumentCache full:https://registry.npmjs.org/shebang-command cache-miss
91 http cache https://registry.npmjs.org/which 14ms (cache hit)
92 silly packumentCache full:https://registry.npmjs.org/which set size:62768 disposed:false
93 silly fetch manifest jsonfile@^6.0.1
94 silly packumentCache full:https://registry.npmjs.org/jsonfile cache-miss
95 http cache https://registry.npmjs.org/path-key 11ms (cache hit)
96 silly packumentCache full:https://registry.npmjs.org/path-key set size:16975 disposed:false
97 silly fetch manifest graceful-fs@^4.2.0
98 silly packumentCache full:https://registry.npmjs.org/graceful-fs cache-miss
99 http cache https://registry.npmjs.org/shebang-command 9ms (cache hit)
100 silly packumentCache full:https://registry.npmjs.org/shebang-command set size:8525 disposed:false
101 silly fetch manifest universalify@^2.0.0
102 silly packumentCache full:https://registry.npmjs.org/universalify cache-miss
103 http cache https://registry.npmjs.org/jsonfile 9ms (cache hit)
104 silly packumentCache full:https://registry.npmjs.org/jsonfile set size:49739 disposed:false
105 silly fetch manifest buffer-from@^0.1.1
106 silly packumentCache full:https://registry.npmjs.org/buffer-from cache-miss
107 http cache https://registry.npmjs.org/graceful-fs 10ms (cache hit)
108 silly packumentCache full:https://registry.npmjs.org/graceful-fs set size:124285 disposed:false
109 silly fetch manifest duplexer2@~0.0.2
110 silly packumentCache full:https://registry.npmjs.org/duplexer2 cache-miss
111 http cache https://registry.npmjs.org/universalify 13ms (cache hit)
112 silly packumentCache full:https://registry.npmjs.org/universalify set size:19431 disposed:false
113 silly fetch manifest through2@~0.6.3
114 silly packumentCache full:https://registry.npmjs.org/through2 cache-miss
115 http fetch GET 200 https://registry.npmjs.org/buffer-from 41ms (cache miss)
116 silly packumentCache full:https://registry.npmjs.org/buffer-from set size:undefined disposed:false
117 silly fetch manifest kleur@^3.0.3
118 silly packumentCache full:https://registry.npmjs.org/kleur cache-miss
119 http fetch GET 200 https://registry.npmjs.org/duplexer2 35ms (cache miss)
120 silly packumentCache full:https://registry.npmjs.org/duplexer2 set size:undefined disposed:false
121 silly fetch manifest sisteransi@^1.0.5
122 silly packumentCache full:https://registry.npmjs.org/sisteransi cache-miss
123 http fetch GET 200 https://registry.npmjs.org/through2 35ms (cache miss)
124 silly packumentCache full:https://registry.npmjs.org/through2 set size:undefined disposed:false
125 silly fetch manifest debug@^2.2.0
126 silly packumentCache full:https://registry.npmjs.org/debug cache-miss
127 http cache https://registry.npmjs.org/debug 6ms (cache hit)
128 silly packumentCache full:https://registry.npmjs.org/debug set size:191237 disposed:false
129 silly fetch manifest fstream@^1.0.10
130 silly packumentCache full:https://registry.npmjs.org/fstream cache-miss
131 http fetch GET 200 https://registry.npmjs.org/kleur 29ms (cache miss)
132 silly packumentCache full:https://registry.npmjs.org/kleur set size:undefined disposed:false
133 silly fetch manifest fstream-ignore@^1.0.5
134 silly packumentCache full:https://registry.npmjs.org/fstream-ignore cache-miss
135 http fetch GET 200 https://registry.npmjs.org/sisteransi 33ms (cache miss)
136 silly packumentCache full:https://registry.npmjs.org/sisteransi set size:undefined disposed:false
137 silly fetch manifest once@^1.3.3
138 silly packumentCache full:https://registry.npmjs.org/once cache-miss
139 http cache https://registry.npmjs.org/once 8ms (cache hit)
140 silly packumentCache full:https://registry.npmjs.org/once set size:11768 disposed:false
141 silly fetch manifest readable-stream@^2.1.4
142 silly packumentCache full:https://registry.npmjs.org/readable-stream cache-miss
143 http fetch GET 200 https://registry.npmjs.org/fstream 30ms (cache miss)
144 silly packumentCache full:https://registry.npmjs.org/fstream set size:undefined disposed:false
145 silly fetch manifest rimraf@^2.5.1
146 silly packumentCache full:https://registry.npmjs.org/rimraf cache-miss
147 http fetch GET 200 https://registry.npmjs.org/fstream-ignore 34ms (cache miss)
148 silly packumentCache full:https://registry.npmjs.org/fstream-ignore set size:undefined disposed:false
149 silly fetch manifest tar@^2.2.1
150 silly packumentCache full:https://registry.npmjs.org/tar cache-miss
151 http fetch GET 200 https://registry.npmjs.org/readable-stream 47ms (cache miss)
152 silly packumentCache full:https://registry.npmjs.org/readable-stream set size:undefined disposed:false
153 silly fetch manifest uid-number@^0.0.6
154 silly packumentCache full:https://registry.npmjs.org/uid-number cache-miss
155 http fetch GET 200 https://registry.npmjs.org/rimraf 61ms (cache miss)
156 silly packumentCache full:https://registry.npmjs.org/rimraf set size:undefined disposed:false
157 silly fetch manifest builtins@^1.0.3
158 silly packumentCache full:https://registry.npmjs.org/builtins cache-miss
159 http fetch GET 200 https://registry.npmjs.org/tar 54ms (cache miss)
160 silly packumentCache full:https://registry.npmjs.org/tar set size:undefined disposed:false
161 http fetch GET 200 https://registry.npmjs.org/uid-number 31ms (cache miss)
162 silly packumentCache full:https://registry.npmjs.org/uid-number set size:undefined disposed:false
163 http fetch GET 200 https://registry.npmjs.org/builtins 27ms (cache miss)
164 silly packumentCache full:https://registry.npmjs.org/builtins set size:undefined disposed:false
165 silly placeDep ROOT ansi-styles@4.3.0 OK for: chalk@4.1.2 want: ^4.1.0
166 silly placeDep ROOT supports-color@7.2.0 OK for: chalk@4.1.2 want: ^7.1.0
167 silly fetch manifest color-convert@^2.0.1
168 silly packumentCache full:https://registry.npmjs.org/color-convert cache-miss
169 silly fetch manifest has-flag@^4.0.0
170 silly packumentCache full:https://registry.npmjs.org/has-flag cache-miss
171 http cache https://registry.npmjs.org/has-flag 8ms (cache hit)
172 silly packumentCache full:https://registry.npmjs.org/has-flag set size:15180 disposed:false
173 http cache https://registry.npmjs.org/color-convert 12ms (cache hit)
174 silly packumentCache full:https://registry.npmjs.org/color-convert set size:66477 disposed:false
175 silly placeDep ROOT color-convert@2.0.1 OK for: ansi-styles@4.3.0 want: ^2.0.1
176 silly fetch manifest color-name@~1.1.4
177 silly packumentCache full:https://registry.npmjs.org/color-name cache-miss
178 http cache https://registry.npmjs.org/color-name 5ms (cache hit)
179 silly packumentCache full:https://registry.npmjs.org/color-name set size:16325 disposed:false
180 silly placeDep ROOT color-name@1.1.4 OK for: color-convert@2.0.1 want: ~1.1.4
181 silly placeDep ROOT path-key@3.1.1 OK for: cross-spawn@7.0.6 want: ^3.1.0
182 silly placeDep ROOT shebang-command@2.0.0 OK for: cross-spawn@7.0.6 want: ^2.0.0
183 silly placeDep ROOT which@2.0.2 OK for: cross-spawn@7.0.6 want: ^2.0.1
184 silly fetch manifest shebang-regex@^3.0.0
185 silly packumentCache full:https://registry.npmjs.org/shebang-regex cache-miss
186 silly fetch manifest isexe@^2.0.0
187 silly packumentCache full:https://registry.npmjs.org/isexe cache-miss
188 http cache https://registry.npmjs.org/shebang-regex 5ms (cache hit)
189 silly packumentCache full:https://registry.npmjs.org/shebang-regex set size:9763 disposed:false
190 http cache https://registry.npmjs.org/isexe 4ms (cache hit)
191 silly packumentCache full:https://registry.npmjs.org/isexe set size:19340 disposed:false
192 silly placeDep ROOT graceful-fs@4.2.11 OK for: fs-extra@10.1.0 want: ^4.2.0
193 silly placeDep ROOT jsonfile@6.1.0 OK for: fs-extra@10.1.0 want: ^6.0.1
194 silly placeDep ROOT universalify@2.0.1 OK for: fs-extra@10.1.0 want: ^2.0.0
195 silly placeDep ROOT buffer-from@0.1.2 OK for: hyperquest@2.1.3 want: ^0.1.1
196 silly placeDep ROOT duplexer2@0.0.2 OK for: hyperquest@2.1.3 want: ~0.0.2
197 silly placeDep ROOT through2@0.6.5 OK for: hyperquest@2.1.3 want: ~0.6.3
198 silly fetch manifest readable-stream@~1.1.9
199 silly packumentCache full:https://registry.npmjs.org/readable-stream cache-miss
200 silly fetch manifest readable-stream@>=1.0.33-1 <1.1.0-0
201 silly packumentCache full:https://registry.npmjs.org/readable-stream cache-miss
202 silly fetch manifest xtend@>=4.0.0 <4.1.0-0
203 silly packumentCache full:https://registry.npmjs.org/xtend cache-miss
204 http cache https://registry.npmjs.org/readable-stream 7ms (cache hit)
205 silly packumentCache full:https://registry.npmjs.org/readable-stream set size:261096 disposed:false
206 http cache https://registry.npmjs.org/xtend 11ms (cache hit)
207 silly packumentCache full:https://registry.npmjs.org/xtend set size:28314 disposed:false
208 http cache https://registry.npmjs.org/readable-stream 14ms (cache hit)
209 silly packumentCache full:https://registry.npmjs.org/readable-stream set size:261096 disposed:false
210 silly packumentCache full:https://registry.npmjs.org/readable-stream dispose
211 silly placeDep ROOT readable-stream@1.1.14 OK for: duplexer2@0.0.2 want: ~1.1.9
212 silly fetch manifest isarray@0.0.1
213 silly packumentCache full:https://registry.npmjs.org/isarray cache-miss
214 silly fetch manifest inherits@~2.0.1
215 silly packumentCache full:https://registry.npmjs.org/inherits cache-miss
216 silly fetch manifest core-util-is@~1.0.0
217 silly packumentCache full:https://registry.npmjs.org/core-util-is cache-miss
218 http cache https://registry.npmjs.org/inherits 9ms (cache hit)
219 silly packumentCache full:https://registry.npmjs.org/inherits set size:12925 disposed:false
220 silly fetch manifest string_decoder@~0.10.x
221 silly packumentCache full:https://registry.npmjs.org/string_decoder cache-miss
222 http fetch GET 200 https://registry.npmjs.org/isarray 29ms (cache miss)
223 silly packumentCache full:https://registry.npmjs.org/isarray set size:undefined disposed:false
224 http fetch GET 200 https://registry.npmjs.org/core-util-is 33ms (cache miss)
225 silly packumentCache full:https://registry.npmjs.org/core-util-is set size:undefined disposed:false
226 http fetch GET 200 https://registry.npmjs.org/string_decoder 31ms (cache miss)
227 silly packumentCache full:https://registry.npmjs.org/string_decoder set size:undefined disposed:false
228 silly placeDep ROOT kleur@3.0.3 OK for: prompts@2.4.2 want: ^3.0.3
229 silly placeDep ROOT sisteransi@1.0.5 OK for: prompts@2.4.2 want: ^1.0.5
230 silly placeDep ROOT core-util-is@1.0.3 OK for: readable-stream@1.1.14 want: ~1.0.0
231 silly placeDep ROOT inherits@2.0.4 OK for: readable-stream@1.1.14 want: ~2.0.1
232 silly placeDep ROOT isarray@0.0.1 OK for: readable-stream@1.1.14 want: 0.0.1
233 silly placeDep ROOT string_decoder@0.10.31 OK for: readable-stream@1.1.14 want: ~0.10.x
234 silly placeDep ROOT shebang-regex@3.0.0 OK for: shebang-command@2.0.0 want: ^3.0.0
235 silly placeDep ROOT has-flag@4.0.0 OK for: supports-color@7.2.0 want: ^4.0.0
236 silly placeDep ROOT debug@2.6.9 OK for: tar-pack@3.4.1 want: ^2.2.0
237 silly placeDep ROOT fstream@1.0.12 OK for: tar-pack@3.4.1 want: ^1.0.10
238 silly placeDep ROOT fstream-ignore@1.0.5 OK for: tar-pack@3.4.1 want: ^1.0.5
239 silly placeDep ROOT once@1.4.0 OK for: tar-pack@3.4.1 want: ^1.3.3
240 silly placeDep node_modules/tar-pack readable-stream@2.3.8 OK for: tar-pack@3.4.1 want: ^2.1.4
241 silly placeDep ROOT rimraf@2.7.1 OK for: tar-pack@3.4.1 want: ^2.5.1
242 silly placeDep ROOT tar@2.2.2 OK for: tar-pack@3.4.1 want: ^2.2.1
243 silly placeDep ROOT uid-number@0.0.6 OK for: tar-pack@3.4.1 want: ^0.0.6
244 silly fetch manifest ms@2.0.0
245 silly packumentCache full:https://registry.npmjs.org/ms cache-miss
246 silly fetch manifest mkdirp@>=0.5 0
247 silly packumentCache full:https://registry.npmjs.org/mkdirp cache-miss
248 silly fetch manifest rimraf@2
249 silly packumentCache full:https://registry.npmjs.org/rimraf cache-miss
250 http cache https://registry.npmjs.org/rimraf 7ms (cache hit)
251 silly packumentCache full:https://registry.npmjs.org/rimraf set size:191579 disposed:false
252 silly fetch manifest minimatch@^3.0.0
253 silly packumentCache full:https://registry.npmjs.org/minimatch cache-miss
254 http cache https://registry.npmjs.org/ms 12ms (cache hit)
255 silly packumentCache full:https://registry.npmjs.org/ms set size:84883 disposed:false
256 silly fetch manifest wrappy@1
257 silly packumentCache full:https://registry.npmjs.org/wrappy cache-miss
258 http cache https://registry.npmjs.org/wrappy 8ms (cache hit)
259 silly packumentCache full:https://registry.npmjs.org/wrappy set size:7682 disposed:false
260 silly fetch manifest isarray@~1.0.0
261 silly packumentCache full:https://registry.npmjs.org/isarray cache-miss
262 http cache https://registry.npmjs.org/minimatch 13ms (cache hit)
263 silly packumentCache full:https://registry.npmjs.org/minimatch set size:398328 disposed:false
264 silly fetch manifest safe-buffer@~5.1.1
265 silly packumentCache full:https://registry.npmjs.org/safe-buffer cache-miss
266 http cache https://registry.npmjs.org/isarray 24ms (cache hit)
267 silly packumentCache full:https://registry.npmjs.org/isarray set size:17392 disposed:false
268 silly fetch manifest string_decoder@~1.1.1
269 silly packumentCache full:https://registry.npmjs.org/string_decoder cache-miss
270 http cache https://registry.npmjs.org/safe-buffer 18ms (cache hit)
271 silly packumentCache full:https://registry.npmjs.org/safe-buffer set size:41183 disposed:false
272 silly fetch manifest util-deprecate@~1.0.1
273 silly packumentCache full:https://registry.npmjs.org/util-deprecate cache-miss
274 http fetch GET 200 https://registry.npmjs.org/mkdirp 53ms (cache miss)
275 silly packumentCache full:https://registry.npmjs.org/mkdirp set size:undefined disposed:false
276 silly fetch manifest process-nextick-args@~2.0.0
277 silly packumentCache full:https://registry.npmjs.org/process-nextick-args cache-miss
278 http cache https://registry.npmjs.org/string_decoder 10ms (cache hit)
279 silly packumentCache full:https://registry.npmjs.org/string_decoder set size:28441 disposed:false
280 silly fetch manifest glob@^7.1.3
281 silly packumentCache full:https://registry.npmjs.org/glob cache-miss
282 http cache https://registry.npmjs.org/glob 4ms (cache hit)
283 silly packumentCache full:https://registry.npmjs.org/glob set size:402595 disposed:false
284 silly fetch manifest block-stream@*
285 silly packumentCache full:https://registry.npmjs.org/block-stream cache-miss
286 http fetch GET 200 https://registry.npmjs.org/util-deprecate 26ms (cache miss)
287 silly packumentCache full:https://registry.npmjs.org/util-deprecate set size:undefined disposed:false
288 http fetch GET 200 https://registry.npmjs.org/process-nextick-args 31ms (cache miss)
289 silly packumentCache full:https://registry.npmjs.org/process-nextick-args set size:undefined disposed:false
290 http fetch GET 200 https://registry.npmjs.org/block-stream 28ms (cache miss)
291 silly packumentCache full:https://registry.npmjs.org/block-stream set size:undefined disposed:false
292 silly placeDep ROOT ms@2.0.0 OK for: debug@2.6.9 want: 2.0.0
293 silly placeDep ROOT mkdirp@0.5.6 OK for: fstream@1.0.12 want: >=0.5 0
294 silly fetch manifest minimist@^1.2.6
295 silly packumentCache full:https://registry.npmjs.org/minimist cache-miss
296 http fetch GET 200 https://registry.npmjs.org/minimist 29ms (cache miss)
297 silly packumentCache full:https://registry.npmjs.org/minimist set size:undefined disposed:false
298 silly placeDep ROOT minimatch@3.1.2 OK for: fstream-ignore@1.0.5 want: ^3.0.0
299 silly fetch manifest brace-expansion@^1.1.7
300 silly packumentCache full:https://registry.npmjs.org/brace-expansion cache-miss
301 http cache https://registry.npmjs.org/brace-expansion 3ms (cache hit)
302 silly packumentCache full:https://registry.npmjs.org/brace-expansion set size:42345 disposed:false
303 silly placeDep ROOT brace-expansion@1.1.11 OK for: minimatch@3.1.2 want: ^1.1.7
304 silly fetch manifest balanced-match@^1.0.0
305 silly packumentCache full:https://registry.npmjs.org/balanced-match cache-miss
306 silly fetch manifest concat-map@0.0.1
307 silly packumentCache full:https://registry.npmjs.org/concat-map cache-miss
308 http cache https://registry.npmjs.org/balanced-match 7ms (cache hit)
309 silly packumentCache full:https://registry.npmjs.org/balanced-match set size:33860 disposed:false
310 http cache https://registry.npmjs.org/concat-map 8ms (cache hit)
311 silly packumentCache full:https://registry.npmjs.org/concat-map set size:9290 disposed:false
312 silly placeDep ROOT balanced-match@1.0.2 OK for: brace-expansion@1.1.11 want: ^1.0.0
313 silly placeDep ROOT concat-map@0.0.1 OK for: brace-expansion@1.1.11 want: 0.0.1
314 silly placeDep ROOT minimist@1.2.8 OK for: mkdirp@0.5.6 want: ^1.2.6
315 silly placeDep ROOT wrappy@1.0.2 OK for: once@1.4.0 want: 1
316 silly placeDep ROOT glob@7.2.3 OK for: rimraf@2.7.1 want: ^7.1.3
317 silly fetch manifest inflight@^1.0.4
318 silly packumentCache full:https://registry.npmjs.org/inflight cache-miss
319 silly fetch manifest fs.realpath@^1.0.0
320 silly packumentCache full:https://registry.npmjs.org/fs.realpath cache-miss
321 silly fetch manifest path-is-absolute@^1.0.0
322 silly packumentCache full:https://registry.npmjs.org/path-is-absolute cache-miss
323 http fetch GET 200 https://registry.npmjs.org/inflight 30ms (cache miss)
324 silly packumentCache full:https://registry.npmjs.org/inflight set size:undefined disposed:false
325 http fetch GET 200 https://registry.npmjs.org/path-is-absolute 34ms (cache miss)
326 silly packumentCache full:https://registry.npmjs.org/path-is-absolute set size:undefined disposed:false
327 http fetch GET 200 https://registry.npmjs.org/fs.realpath 45ms (cache miss)
328 silly packumentCache full:https://registry.npmjs.org/fs.realpath set size:undefined disposed:false
329 silly placeDep ROOT fs.realpath@1.0.0 OK for: glob@7.2.3 want: ^1.0.0
330 silly placeDep ROOT inflight@1.0.6 OK for: glob@7.2.3 want: ^1.0.4
331 silly placeDep ROOT path-is-absolute@1.0.1 OK for: glob@7.2.3 want: ^1.0.0
332 silly placeDep ROOT block-stream@0.0.9 OK for: tar@2.2.2 want: *
333 silly placeDep node_modules/through2 readable-stream@1.0.34 OK for: through2@0.6.5 want: >=1.0.33-1 <1.1.0-0
334 silly placeDep ROOT xtend@4.0.2 OK for: through2@0.6.5 want: >=4.0.0 <4.1.0-0
335 silly placeDep ROOT builtins@1.0.3 OK for: validate-npm-package-name@3.0.0 want: ^1.0.3
336 silly placeDep ROOT isexe@2.0.0 OK for: which@2.0.2 want: ^2.0.0
337 silly placeDep node_modules/tar-pack isarray@1.0.0 OK for: readable-stream@2.3.8 want: ~1.0.0
338 silly placeDep ROOT process-nextick-args@2.0.1 OK for: readable-stream@2.3.8 want: ~2.0.0
339 silly placeDep ROOT safe-buffer@5.1.2 OK for: readable-stream@2.3.8 want: ~5.1.1
340 silly placeDep node_modules/tar-pack string_decoder@1.1.1 OK for: readable-stream@2.3.8 want: ~1.1.1
341 silly placeDep ROOT util-deprecate@1.0.2 OK for: readable-stream@2.3.8 want: ~1.0.1
342 silly reify moves {}
343 silly audit bulk request {
343 silly audit   'create-react-app': [ '5.1.0' ],
343 silly audit   chalk: [ '4.1.2' ],
343 silly audit   commander: [ '4.1.1' ],
343 silly audit   'cross-spawn': [ '7.0.6' ],
343 silly audit   envinfo: [ '7.14.0' ],
343 silly audit   'fs-extra': [ '10.1.0' ],
343 silly audit   hyperquest: [ '2.1.3' ],
343 silly audit   prompts: [ '2.4.2' ],
343 silly audit   semver: [ '7.7.1' ],
343 silly audit   'tar-pack': [ '3.4.1' ],
343 silly audit   tmp: [ '0.2.3' ],
343 silly audit   'validate-npm-package-name': [ '3.0.0' ],
343 silly audit   'ansi-styles': [ '4.3.0' ],
343 silly audit   'supports-color': [ '7.2.0' ],
343 silly audit   'color-convert': [ '2.0.1' ],
343 silly audit   'color-name': [ '1.1.4' ],
343 silly audit   'path-key': [ '3.1.1' ],
343 silly audit   'shebang-command': [ '2.0.0' ],
343 silly audit   which: [ '2.0.2' ],
343 silly audit   'graceful-fs': [ '4.2.11' ],
343 silly audit   jsonfile: [ '6.1.0' ],
343 silly audit   universalify: [ '2.0.1' ],
343 silly audit   'buffer-from': [ '0.1.2' ],
343 silly audit   duplexer2: [ '0.0.2' ],
343 silly audit   through2: [ '0.6.5' ],
343 silly audit   'readable-stream': [ '1.1.14', '2.3.8', '1.0.34' ],
343 silly audit   kleur: [ '3.0.3' ],
343 silly audit   sisteransi: [ '1.0.5' ],
343 silly audit   'core-util-is': [ '1.0.3' ],
343 silly audit   inherits: [ '2.0.4' ],
343 silly audit   isarray: [ '0.0.1', '1.0.0' ],
343 silly audit   string_decoder: [ '0.10.31', '1.1.1' ],
343 silly audit   'shebang-regex': [ '3.0.0' ],
343 silly audit   'has-flag': [ '4.0.0' ],
343 silly audit   debug: [ '2.6.9' ],
343 silly audit   fstream: [ '1.0.12' ],
343 silly audit   'fstream-ignore': [ '1.0.5' ],
343 silly audit   once: [ '1.4.0' ],
343 silly audit   rimraf: [ '2.7.1' ],
343 silly audit   tar: [ '2.2.2' ],
343 silly audit   'uid-number': [ '0.0.6' ],
343 silly audit   ms: [ '2.0.0' ],
343 silly audit   mkdirp: [ '0.5.6' ],
343 silly audit   minimatch: [ '3.1.2' ],
343 silly audit   'brace-expansion': [ '1.1.11' ],
343 silly audit   'balanced-match': [ '1.0.2' ],
343 silly audit   'concat-map': [ '0.0.1' ],
343 silly audit   minimist: [ '1.2.8' ],
343 silly audit   wrappy: [ '1.0.2' ],
343 silly audit   glob: [ '7.2.3' ],
343 silly audit   'fs.realpath': [ '1.0.0' ],
343 silly audit   inflight: [ '1.0.6' ],
343 silly audit   'path-is-absolute': [ '1.0.1' ],
343 silly audit   'block-stream': [ '0.0.9' ],
343 silly audit   xtend: [ '4.0.2' ],
343 silly audit   builtins: [ '1.0.3' ],
343 silly audit   isexe: [ '2.0.0' ],
343 silly audit   'process-nextick-args': [ '2.0.1' ],
343 silly audit   'safe-buffer': [ '5.1.2' ],
343 silly audit   'util-deprecate': [ '1.0.2' ]
343 silly audit }
344 http cache util-deprecate@https://registry.npmjs.org/util-deprecate/-/util-deprecate-1.0.2.tgz 0ms (cache hit)
345 http cache safe-buffer@https://registry.npmjs.org/safe-buffer/-/safe-buffer-5.1.2.tgz 0ms (cache hit)
346 http cache isexe@https://registry.npmjs.org/isexe/-/isexe-2.0.0.tgz 0ms (cache hit)
347 http cache builtins@https://registry.npmjs.org/builtins/-/builtins-1.0.3.tgz 0ms (cache hit)
348 http cache process-nextick-args@https://registry.npmjs.org/process-nextick-args/-/process-nextick-args-2.0.1.tgz 0ms (cache hit)
349 http cache xtend@https://registry.npmjs.org/xtend/-/xtend-4.0.2.tgz 0ms (cache hit)
350 http cache path-is-absolute@https://registry.npmjs.org/path-is-absolute/-/path-is-absolute-1.0.1.tgz 0ms (cache hit)
351 http cache block-stream@https://registry.npmjs.org/block-stream/-/block-stream-0.0.9.tgz 0ms (cache hit)
352 http cache fs.realpath@https://registry.npmjs.org/fs.realpath/-/fs.realpath-1.0.0.tgz 0ms (cache hit)
353 http cache inflight@https://registry.npmjs.org/inflight/-/inflight-1.0.6.tgz 0ms (cache hit)
354 http cache wrappy@https://registry.npmjs.org/wrappy/-/wrappy-1.0.2.tgz 0ms (cache hit)
355 http cache glob@https://registry.npmjs.org/glob/-/glob-7.2.3.tgz 0ms (cache hit)
356 http cache minimist@https://registry.npmjs.org/minimist/-/minimist-1.2.8.tgz 0ms (cache hit)
357 http cache concat-map@https://registry.npmjs.org/concat-map/-/concat-map-0.0.1.tgz 0ms (cache hit)
358 http cache brace-expansion@https://registry.npmjs.org/brace-expansion/-/brace-expansion-1.1.11.tgz 0ms (cache hit)
359 http cache minimatch@https://registry.npmjs.org/minimatch/-/minimatch-3.1.2.tgz 0ms (cache hit)
360 http cache balanced-match@https://registry.npmjs.org/balanced-match/-/balanced-match-1.0.2.tgz 0ms (cache hit)
361 http cache mkdirp@https://registry.npmjs.org/mkdirp/-/mkdirp-0.5.6.tgz 0ms (cache hit)
362 http cache ms@https://registry.npmjs.org/ms/-/ms-2.0.0.tgz 0ms (cache hit)
363 http cache uid-number@https://registry.npmjs.org/uid-number/-/uid-number-0.0.6.tgz 0ms (cache hit)
364 http cache tar@https://registry.npmjs.org/tar/-/tar-2.2.2.tgz 0ms (cache hit)
365 http cache rimraf@https://registry.npmjs.org/rimraf/-/rimraf-2.7.1.tgz 0ms (cache hit)
366 http cache once@https://registry.npmjs.org/once/-/once-1.4.0.tgz 0ms (cache hit)
367 http cache fstream-ignore@https://registry.npmjs.org/fstream-ignore/-/fstream-ignore-1.0.5.tgz 0ms (cache hit)
368 http cache fstream@https://registry.npmjs.org/fstream/-/fstream-1.0.12.tgz 0ms (cache hit)
369 http cache has-flag@https://registry.npmjs.org/has-flag/-/has-flag-4.0.0.tgz 0ms (cache hit)
370 http cache debug@https://registry.npmjs.org/debug/-/debug-2.6.9.tgz 0ms (cache hit)
371 http cache shebang-regex@https://registry.npmjs.org/shebang-regex/-/shebang-regex-3.0.0.tgz 0ms (cache hit)
372 http cache string_decoder@https://registry.npmjs.org/string_decoder/-/string_decoder-0.10.31.tgz 0ms (cache hit)
373 http cache isarray@https://registry.npmjs.org/isarray/-/isarray-0.0.1.tgz 0ms (cache hit)
374 http cache inherits@https://registry.npmjs.org/inherits/-/inherits-2.0.4.tgz 0ms (cache hit)
375 http cache core-util-is@https://registry.npmjs.org/core-util-is/-/core-util-is-1.0.3.tgz 0ms (cache hit)
376 http cache sisteransi@https://registry.npmjs.org/sisteransi/-/sisteransi-1.0.5.tgz 0ms (cache hit)
377 http cache kleur@https://registry.npmjs.org/kleur/-/kleur-3.0.3.tgz 0ms (cache hit)
378 http cache through2@https://registry.npmjs.org/through2/-/through2-0.6.5.tgz 0ms (cache hit)
379 http cache readable-stream@https://registry.npmjs.org/readable-stream/-/readable-stream-1.1.14.tgz 0ms (cache hit)
380 http cache duplexer2@https://registry.npmjs.org/duplexer2/-/duplexer2-0.0.2.tgz 0ms (cache hit)
381 http cache buffer-from@https://registry.npmjs.org/buffer-from/-/buffer-from-0.1.2.tgz 0ms (cache hit)
382 http cache universalify@https://registry.npmjs.org/universalify/-/universalify-2.0.1.tgz 0ms (cache hit)
383 http cache which@https://registry.npmjs.org/which/-/which-2.0.2.tgz 0ms (cache hit)
384 http cache shebang-command@https://registry.npmjs.org/shebang-command/-/shebang-command-2.0.0.tgz 0ms (cache hit)
385 http cache path-key@https://registry.npmjs.org/path-key/-/path-key-3.1.1.tgz 0ms (cache hit)
386 http cache color-name@https://registry.npmjs.org/color-name/-/color-name-1.1.4.tgz 0ms (cache hit)
387 http cache color-convert@https://registry.npmjs.org/color-convert/-/color-convert-2.0.1.tgz 0ms (cache hit)
388 http cache supports-color@https://registry.npmjs.org/supports-color/-/supports-color-7.2.0.tgz 0ms (cache hit)
389 http cache validate-npm-package-name@https://registry.npmjs.org/validate-npm-package-name/-/validate-npm-package-name-3.0.0.tgz 0ms (cache hit)
390 http cache ansi-styles@https://registry.npmjs.org/ansi-styles/-/ansi-styles-4.3.0.tgz 0ms (cache hit)
391 http cache jsonfile@https://registry.npmjs.org/jsonfile/-/jsonfile-6.1.0.tgz 0ms (cache hit)
392 http cache tmp@https://registry.npmjs.org/tmp/-/tmp-0.2.3.tgz 0ms (cache hit)
393 http cache tar-pack@https://registry.npmjs.org/tar-pack/-/tar-pack-3.4.1.tgz 0ms (cache hit)
394 http cache semver@https://registry.npmjs.org/semver/-/semver-7.7.1.tgz 0ms (cache hit)
395 http cache prompts@https://registry.npmjs.org/prompts/-/prompts-2.4.2.tgz 0ms (cache hit)
396 http cache hyperquest@https://registry.npmjs.org/hyperquest/-/hyperquest-2.1.3.tgz 0ms (cache hit)
397 http cache fs-extra@https://registry.npmjs.org/fs-extra/-/fs-extra-10.1.0.tgz 0ms (cache hit)
398 http cache cross-spawn@https://registry.npmjs.org/cross-spawn/-/cross-spawn-7.0.6.tgz 0ms (cache hit)
399 http cache envinfo@https://registry.npmjs.org/envinfo/-/envinfo-7.14.0.tgz 1ms (cache hit)
400 http cache commander@https://registry.npmjs.org/commander/-/commander-4.1.1.tgz 0ms (cache hit)
401 http cache chalk@https://registry.npmjs.org/chalk/-/chalk-4.1.2.tgz 0ms (cache hit)
402 http cache create-react-app@https://registry.npmjs.org/create-react-app/-/create-react-app-5.1.0.tgz 0ms (cache hit)
403 http cache readable-stream@https://registry.npmjs.org/readable-stream/-/readable-stream-1.0.34.tgz 0ms (cache hit)
404 http cache string_decoder@https://registry.npmjs.org/string_decoder/-/string_decoder-1.1.1.tgz 0ms (cache hit)
405 http cache readable-stream@https://registry.npmjs.org/readable-stream/-/readable-stream-2.3.8.tgz 0ms (cache hit)
406 http cache isarray@https://registry.npmjs.org/isarray/-/isarray-1.0.0.tgz 0ms (cache hit)
407 http cache graceful-fs@https://registry.npmjs.org/graceful-fs/-/graceful-fs-4.2.11.tgz 0ms (cache hit)
408 silly tarball no local data for util-deprecate@https://registry.npmjs.org/util-deprecate/-/util-deprecate-1.0.2.tgz. Extracting by manifest.
409 silly tarball no local data for safe-buffer@https://registry.npmjs.org/safe-buffer/-/safe-buffer-5.1.2.tgz. Extracting by manifest.
410 silly tarball no local data for builtins@https://registry.npmjs.org/builtins/-/builtins-1.0.3.tgz. Extracting by manifest.
411 silly tarball no local data for process-nextick-args@https://registry.npmjs.org/process-nextick-args/-/process-nextick-args-2.0.1.tgz. Extracting by manifest.
412 silly tarball no local data for path-is-absolute@https://registry.npmjs.org/path-is-absolute/-/path-is-absolute-1.0.1.tgz. Extracting by manifest.
413 silly tarball no local data for block-stream@https://registry.npmjs.org/block-stream/-/block-stream-0.0.9.tgz. Extracting by manifest.
414 silly tarball no local data for fs.realpath@https://registry.npmjs.org/fs.realpath/-/fs.realpath-1.0.0.tgz. Extracting by manifest.
415 silly tarball no local data for inflight@https://registry.npmjs.org/inflight/-/inflight-1.0.6.tgz. Extracting by manifest.
416 silly tarball no local data for glob@https://registry.npmjs.org/glob/-/glob-7.2.3.tgz. Extracting by manifest.
417 silly tarball no local data for minimist@https://registry.npmjs.org/minimist/-/minimist-1.2.8.tgz. Extracting by manifest.
418 silly tarball no local data for mkdirp@https://registry.npmjs.org/mkdirp/-/mkdirp-0.5.6.tgz. Extracting by manifest.
419 silly tarball no local data for ms@https://registry.npmjs.org/ms/-/ms-2.0.0.tgz. Extracting by manifest.
420 silly tarball no local data for uid-number@https://registry.npmjs.org/uid-number/-/uid-number-0.0.6.tgz. Extracting by manifest.
421 silly tarball no local data for tar@https://registry.npmjs.org/tar/-/tar-2.2.2.tgz. Extracting by manifest.
422 silly tarball no local data for rimraf@https://registry.npmjs.org/rimraf/-/rimraf-2.7.1.tgz. Extracting by manifest.
423 silly tarball no local data for fstream-ignore@https://registry.npmjs.org/fstream-ignore/-/fstream-ignore-1.0.5.tgz. Extracting by manifest.
424 silly tarball no local data for fstream@https://registry.npmjs.org/fstream/-/fstream-1.0.12.tgz. Extracting by manifest.
425 silly tarball no local data for has-flag@https://registry.npmjs.org/has-flag/-/has-flag-4.0.0.tgz. Extracting by manifest.
426 silly tarball no local data for debug@https://registry.npmjs.org/debug/-/debug-2.6.9.tgz. Extracting by manifest.
427 silly tarball no local data for isarray@https://registry.npmjs.org/isarray/-/isarray-0.0.1.tgz. Extracting by manifest.
428 silly tarball no local data for core-util-is@https://registry.npmjs.org/core-util-is/-/core-util-is-1.0.3.tgz. Extracting by manifest.
429 silly tarball no local data for string_decoder@https://registry.npmjs.org/string_decoder/-/string_decoder-0.10.31.tgz. Extracting by manifest.
430 silly tarball no local data for sisteransi@https://registry.npmjs.org/sisteransi/-/sisteransi-1.0.5.tgz. Extracting by manifest.
431 silly tarball no local data for kleur@https://registry.npmjs.org/kleur/-/kleur-3.0.3.tgz. Extracting by manifest.
432 silly tarball no local data for through2@https://registry.npmjs.org/through2/-/through2-0.6.5.tgz. Extracting by manifest.
433 silly tarball no local data for readable-stream@https://registry.npmjs.org/readable-stream/-/readable-stream-1.1.14.tgz. Extracting by manifest.
434 silly tarball no local data for duplexer2@https://registry.npmjs.org/duplexer2/-/duplexer2-0.0.2.tgz. Extracting by manifest.
435 silly tarball no local data for buffer-from@https://registry.npmjs.org/buffer-from/-/buffer-from-0.1.2.tgz. Extracting by manifest.
436 silly tarball no local data for supports-color@https://registry.npmjs.org/supports-color/-/supports-color-7.2.0.tgz. Extracting by manifest.
437 silly tarball no local data for validate-npm-package-name@https://registry.npmjs.org/validate-npm-package-name/-/validate-npm-package-name-3.0.0.tgz. Extracting by manifest.
438 silly tarball no local data for tmp@https://registry.npmjs.org/tmp/-/tmp-0.2.3.tgz. Extracting by manifest.
439 silly tarball no local data for tar-pack@https://registry.npmjs.org/tar-pack/-/tar-pack-3.4.1.tgz. Extracting by manifest.
440 silly tarball no local data for prompts@https://registry.npmjs.org/prompts/-/prompts-2.4.2.tgz. Extracting by manifest.
441 silly tarball no local data for fs-extra@https://registry.npmjs.org/fs-extra/-/fs-extra-10.1.0.tgz. Extracting by manifest.
442 silly tarball no local data for hyperquest@https://registry.npmjs.org/hyperquest/-/hyperquest-2.1.3.tgz. Extracting by manifest.
443 silly tarball no local data for envinfo@https://registry.npmjs.org/envinfo/-/envinfo-7.14.0.tgz. Extracting by manifest.
444 silly tarball no local data for commander@https://registry.npmjs.org/commander/-/commander-4.1.1.tgz. Extracting by manifest.
445 silly tarball no local data for create-react-app@https://registry.npmjs.org/create-react-app/-/create-react-app-5.1.0.tgz. Extracting by manifest.
446 silly tarball no local data for readable-stream@https://registry.npmjs.org/readable-stream/-/readable-stream-1.0.34.tgz. Extracting by manifest.
447 silly tarball no local data for string_decoder@https://registry.npmjs.org/string_decoder/-/string_decoder-1.1.1.tgz. Extracting by manifest.
448 silly tarball no local data for chalk@https://registry.npmjs.org/chalk/-/chalk-4.1.2.tgz. Extracting by manifest.
449 silly tarball no local data for readable-stream@https://registry.npmjs.org/readable-stream/-/readable-stream-2.3.8.tgz. Extracting by manifest.
450 silly tarball no local data for isarray@https://registry.npmjs.org/isarray/-/isarray-1.0.0.tgz. Extracting by manifest.
451 http fetch POST 200 https://registry.npmjs.org/-/npm/v1/security/advisories/bulk 219ms
452 silly audit report {
452 silly audit report   tar: [
452 silly audit report     {
452 silly audit report       id: 1089685,
452 silly audit report       url: 'https://github.com/advisories/GHSA-3jfq-g458-7qm9',
452 silly audit report       title: 'Arbitrary File Creation/Overwrite due to insufficient absolute path sanitization',
452 silly audit report       severity: 'high',
452 silly audit report       vulnerable_versions: '<3.2.2',
452 silly audit report       cwe: [Array],
452 silly audit report       cvss: [Object]
452 silly audit report     },
452 silly audit report     {
452 silly audit report       id: 1095117,
452 silly audit report       url: 'https://github.com/advisories/GHSA-5955-9wpr-37jh',
452 silly audit report       title: 'Arbitrary File Creation/Overwrite on Windows via insufficient relative path sanitization',
452 silly audit report       severity: 'high',
452 silly audit report       vulnerable_versions: '<4.4.18',
452 silly audit report       cwe: [Array],
452 silly audit report       cvss: [Object]
452 silly audit report     },
452 silly audit report     {
452 silly audit report       id: 1097493,
452 silly audit report       url: 'https://github.com/advisories/GHSA-f5x3-32g6-xq36',
452 silly audit report       title: 'Denial of service while parsing a tar file due to lack of folders count validation',
452 silly audit report       severity: 'moderate',
452 silly audit report       vulnerable_versions: '<6.2.1',
452 silly audit report       cwe: [Array],
452 silly audit report       cvss: [Object]
452 silly audit report     }
452 silly audit report   ]
452 silly audit report }
453 silly packumentCache corgi:https://registry.npmjs.org/tar cache-miss
454 http fetch GET 200 https://registry.npmjs.org/safe-buffer/-/safe-buffer-5.1.2.tgz 439ms (cache miss)
455 http fetch GET 200 https://registry.npmjs.org/util-deprecate/-/util-deprecate-1.0.2.tgz 458ms (cache miss)
456 http fetch GET 200 https://registry.npmjs.org/rimraf/-/rimraf-2.7.1.tgz 451ms (cache miss)
457 warn deprecated rimraf@2.7.1: Rimraf versions prior to v4 are no longer supported
458 http fetch GET 200 https://registry.npmjs.org/has-flag/-/has-flag-4.0.0.tgz 467ms (cache miss)
459 http fetch GET 200 https://registry.npmjs.org/fstream-ignore/-/fstream-ignore-1.0.5.tgz 474ms (cache miss)
460 warn deprecated fstream-ignore@1.0.5: This package is no longer supported.
461 http fetch GET 200 https://registry.npmjs.org/mkdirp/-/mkdirp-0.5.6.tgz 484ms (cache miss)
462 http fetch GET 200 https://registry.npmjs.org/path-is-absolute/-/path-is-absolute-1.0.1.tgz 487ms (cache miss)
463 http fetch GET 200 https://registry.npmjs.org/builtins/-/builtins-1.0.3.tgz 497ms (cache miss)
464 http fetch GET 200 https://registry.npmjs.org/uid-number/-/uid-number-0.0.6.tgz 491ms (cache miss)
465 warn deprecated uid-number@0.0.6: This package is no longer supported.
466 http fetch GET 200 https://registry.npmjs.org/core-util-is/-/core-util-is-1.0.3.tgz 488ms (cache miss)
467 http fetch GET 200 https://registry.npmjs.org/process-nextick-args/-/process-nextick-args-2.0.1.tgz 504ms (cache miss)
468 http fetch GET 200 https://registry.npmjs.org/tar-pack/-/tar-pack-3.4.1.tgz 484ms (cache miss)
469 http fetch GET 200 https://registry.npmjs.org/tmp/-/tmp-0.2.3.tgz 485ms (cache miss)
470 http fetch GET 200 https://registry.npmjs.org/inflight/-/inflight-1.0.6.tgz 511ms (cache miss)
471 warn deprecated inflight@1.0.6: This module is not supported, and leaks memory. Do not use it. Check out lru-cache if you want a good and tested way to coalesce async requests by a key value, which is much more comprehensive and powerful.
472 http fetch GET 200 https://registry.npmjs.org/string_decoder/-/string_decoder-0.10.31.tgz 505ms (cache miss)
473 http fetch GET 200 https://registry.npmjs.org/isarray/-/isarray-0.0.1.tgz 506ms (cache miss)
474 http fetch GET 200 https://registry.npmjs.org/sisteransi/-/sisteransi-1.0.5.tgz 506ms (cache miss)
475 http fetch GET 200 https://registry.npmjs.org/buffer-from/-/buffer-from-0.1.2.tgz 498ms (cache miss)
476 http fetch GET 200 https://registry.npmjs.org/fs.realpath/-/fs.realpath-1.0.0.tgz 518ms (cache miss)
477 http fetch GET 200 https://registry.npmjs.org/ms/-/ms-2.0.0.tgz 515ms (cache miss)
478 http fetch GET 200 https://registry.npmjs.org/block-stream/-/block-stream-0.0.9.tgz 520ms (cache miss)
479 http fetch GET 200 https://registry.npmjs.org/through2/-/through2-0.6.5.tgz 510ms (cache miss)
480 http fetch GET 200 https://registry.npmjs.org/kleur/-/kleur-3.0.3.tgz 511ms (cache miss)
481 http fetch GET 200 https://registry.npmjs.org/duplexer2/-/duplexer2-0.0.2.tgz 510ms (cache miss)
482 http fetch GET 200 https://registry.npmjs.org/supports-color/-/supports-color-7.2.0.tgz 503ms (cache miss)
483 http fetch GET 200 https://registry.npmjs.org/commander/-/commander-4.1.1.tgz 500ms (cache miss)
484 http fetch GET 200 https://registry.npmjs.org/chalk/-/chalk-4.1.2.tgz 500ms (cache miss)
485 http fetch GET 200 https://registry.npmjs.org/hyperquest/-/hyperquest-2.1.3.tgz 506ms (cache miss)
486 http fetch GET 200 https://registry.npmjs.org/isarray/-/isarray-1.0.0.tgz 504ms (cache miss)
487 http fetch GET 200 https://registry.npmjs.org/string_decoder/-/string_decoder-1.1.1.tgz 509ms (cache miss)
488 http fetch GET 200 https://registry.npmjs.org/validate-npm-package-name/-/validate-npm-package-name-3.0.0.tgz 520ms (cache miss)
489 http fetch GET 200 https://registry.npmjs.org/debug/-/debug-2.6.9.tgz 546ms (cache miss)
490 http fetch GET 200 https://registry.npmjs.org/create-react-app/-/create-react-app-5.1.0.tgz 543ms (cache miss)
491 http fetch GET 200 https://registry.npmjs.org/fstream/-/fstream-1.0.12.tgz 561ms (cache miss)
492 warn deprecated fstream@1.0.12: This package is no longer supported.
493 http fetch GET 200 https://registry.npmjs.org/glob/-/glob-7.2.3.tgz 571ms (cache miss)
494 warn deprecated glob@7.2.3: Glob versions prior to v9 are no longer supported
495 http fetch GET 200 https://registry.npmjs.org/readable-stream/-/readable-stream-1.0.34.tgz 561ms (cache miss)
496 http fetch GET 200 https://registry.npmjs.org/readable-stream/-/readable-stream-2.3.8.tgz 565ms (cache miss)
497 http fetch GET 200 https://registry.npmjs.org/readable-stream/-/readable-stream-1.1.14.tgz 583ms (cache miss)
498 http fetch GET 200 https://registry.npmjs.org/minimist/-/minimist-1.2.8.tgz 598ms (cache miss)
499 http fetch GET 200 https://registry.npmjs.org/envinfo/-/envinfo-7.14.0.tgz 584ms (cache miss)
500 http fetch GET 200 https://registry.npmjs.org/tar 434ms (cache miss)
501 silly packumentCache corgi:https://registry.npmjs.org/tar set size:undefined disposed:false
502 http fetch GET 200 https://registry.npmjs.org/fs-extra/-/fs-extra-10.1.0.tgz 629ms (cache miss)
503 silly packumentCache corgi:https://registry.npmjs.org/tar-pack cache-miss
504 http fetch GET 200 https://registry.npmjs.org/prompts/-/prompts-2.4.2.tgz 665ms (cache miss)
505 http fetch GET 200 https://registry.npmjs.org/tar-pack 60ms (cache miss)
506 silly packumentCache corgi:https://registry.npmjs.org/tar-pack set size:undefined disposed:false
507 http fetch GET 200 https://registry.npmjs.org/tar/-/tar-2.2.2.tgz 714ms (cache miss)
508 warn deprecated tar@2.2.2: This version of tar is no longer supported, and will not receive security updates. Please upgrade asap.
509 silly packumentCache corgi:https://registry.npmjs.org/create-react-app cache-miss
510 http cache https://registry.npmjs.org/create-react-app 40ms (cache hit)
511 silly packumentCache corgi:https://registry.npmjs.org/create-react-app set size:137779 disposed:false
512 verbose cwd /home/ubuntu/promtaki/frontend
513 verbose os Linux 6.1.102
514 verbose node v22.13.0
515 verbose npm  v10.9.2
516 verbose exit 0
517 info ok
