2025-04-10 13:39:55.129 [info] Reading sessions from keychain...
2025-04-10 13:39:55.129 [info] Getting sessions for all scopes...
2025-04-10 13:39:55.129 [info] Getting sessions for all scopes...
2025-04-10 13:39:55.129 [info] Got 0 sessions for ...
2025-04-10 13:39:55.129 [info] Got 0 sessions for ...
2025-04-10 13:39:55.292 [info] Getting sessions for read:user,repo,user:email,workflow...
2025-04-10 13:39:55.293 [info] Got 0 sessions for read:user,repo,user:email,workflow...
2025-04-10 13:48:49.842 [info] Getting sessions for read:user,repo,user:email,workflow...
2025-04-10 13:48:49.842 [info] Got 0 sessions for read:user,repo,user:email,workflow...
2025-04-10 13:48:51.463 [info] Logging in with 'any' account...
2025-04-10 13:48:51.463 [info] Logging in for the following scopes: read:user repo user:email workflow
2025-04-10 13:48:51.911 [info] Trying device code flow... (read:user repo user:email workflow)
2025-04-10 13:49:32.876 [info] Getting user info...
2025-04-10 13:49:33.277 [info] Got account info!
2025-04-10 13:49:33.278 [info] Storing 1 sessions...
2025-04-10 13:49:33.445 [info] Reading sessions from keychain...
2025-04-10 13:49:33.445 [info] Stored 1 sessions!
2025-04-10 13:49:33.447 [info] Login success!
2025-04-10 13:49:33.616 [info] Got stored sessions!
2025-04-10 13:49:33.710 [info] Got 1 verified sessions.
2025-04-10 13:49:34.044 [info] Getting sessions for read:user,repo,user:email,workflow...
2025-04-10 13:49:34.044 [info] Got 1 sessions for read:user,repo,user:email,workflow...
2025-04-10 13:49:35.343 [info] Getting sessions for read:user,repo,user:email,workflow...
2025-04-10 13:49:35.343 [info] Got 1 sessions for read:user,repo,user:email,workflow...
