2025-04-10 13:55:22.434 [info] [main] Log level: Info
2025-04-10 13:55:22.434 [info] [main] Validating found git in: "git"
2025-04-10 13:55:22.434 [info] [main] Using git "2.34.1" from "git"
2025-04-10 13:55:22.434 [info] [Model][doInitialScan] Initial repository scan started
2025-04-10 13:55:22.434 [info] > git rev-parse --show-toplevel [3ms]
2025-04-10 13:55:22.434 [info] > git rev-parse --git-dir --git-common-dir [2ms]
2025-04-10 13:55:22.434 [info] [Model][openRepository] Opened repository: /home/ubuntu
2025-04-10 13:55:22.434 [info] > git config --get commit.template [4ms]
2025-04-10 13:55:22.434 [info] > git rev-parse --show-toplevel [3ms]
2025-04-10 13:55:22.434 [info] > git for-each-ref --format=%(refname)%00%(upstream:short)%00%(objectname)%00%(upstream:track)%00%(upstream:remotename)%00%(upstream:remoteref) refs/heads/main refs/remotes/main [5ms]
2025-04-10 13:55:22.434 [info] > git rev-parse --show-toplevel [3ms]
2025-04-10 13:55:22.434 [info] > git for-each-ref --sort -committerdate --format %(refname)%00%(objectname)%00%(*objectname) [4ms]
2025-04-10 13:55:22.434 [info] > git rev-parse --show-toplevel [3ms]
2025-04-10 13:55:22.434 [info] > git rev-parse --show-toplevel [5ms]
2025-04-10 13:55:22.434 [info] > git rev-parse --show-toplevel [4ms]
2025-04-10 13:55:22.434 [info] > git rev-parse --show-toplevel [5ms]
2025-04-10 13:55:22.434 [info] > git rev-parse --git-dir --git-common-dir [3ms]
2025-04-10 13:55:22.434 [info] [Model][openRepository] Opened repository: /home/ubuntu/.nvm
2025-04-10 13:55:22.434 [info] > git config --get commit.template [5ms]
2025-04-10 13:55:22.434 [info] > git rev-parse --show-toplevel [3ms]
2025-04-10 13:55:22.434 [info] > git rev-parse --show-toplevel [3ms]
2025-04-10 13:55:22.434 [info] > git for-each-ref --format %(refname)%00%(objectname)%00%(*objectname) refs/tags [7ms]
2025-04-10 13:55:22.434 [info] > git for-each-ref --sort -committerdate --format %(refname)%00%(objectname)%00%(*objectname) [8ms]
2025-04-10 13:55:22.434 [info] > git rev-parse --show-toplevel [6ms]
2025-04-10 13:55:22.434 [info] > git rev-parse --show-toplevel [4ms]
2025-04-10 13:55:22.434 [info] > git status -z -uall [29ms]
2025-04-10 13:55:22.434 [info] > git rev-parse --show-toplevel [56ms]
2025-04-10 13:55:22.434 [info] > git config --get commit.template [10ms]
2025-04-10 13:55:22.434 [info] > git rev-parse --show-toplevel [46ms]
2025-04-10 13:55:22.434 [info] [Model][doInitialScan] Initial repository scan completed - repositories (2), closed repositories (0), parent repositories (0), unsafe repositories (0)
2025-04-10 13:55:22.434 [info] > git for-each-ref --format %(refname)%00%(objectname)%00%(*objectname) refs/tags [49ms]
2025-04-10 13:55:22.434 [info] > git status -z -uall [237ms]
2025-04-10 13:55:22.439 [info] > git for-each-ref --sort -committerdate --format %(refname)%00%(objectname)%00%(*objectname) [22ms]
2025-04-10 13:55:22.443 [info] > git status -z -uall [29ms]
2025-04-10 13:55:22.443 [info] > git for-each-ref --format=%(refname)%00%(upstream:short)%00%(objectname)%00%(upstream:track)%00%(upstream:remotename)%00%(upstream:remoteref) refs/heads/main refs/remotes/main [12ms]
2025-04-10 13:55:22.451 [info] > git config --get commit.template [13ms]
2025-04-10 13:55:22.455 [info] > git config --get --local branch.main.vscode-merge-base [8ms]
2025-04-10 13:55:22.455 [warning] [Git][config] git config failed: Failed to execute git
2025-04-10 13:55:22.460 [info] > git for-each-ref --format=%(refname)%00%(upstream:short)%00%(objectname)%00%(upstream:track)%00%(upstream:remotename)%00%(upstream:remoteref) refs/heads/main refs/remotes/main [6ms]
2025-04-10 13:55:22.499 [info] > git reflog main --grep-reflog=branch: Created from *. [41ms]
2025-04-10 13:55:22.511 [info] > git symbolic-ref --short refs/remotes/origin/HEAD [9ms]
2025-04-10 13:55:22.511 [info] fatal: ref refs/remotes/origin/HEAD is not a symbolic ref
2025-04-10 13:55:22.511 [warning] [Repository][getDefaultBranch] Failed to get default branch details: Failed to execute git.
2025-04-10 13:55:22.517 [info] > git for-each-ref --sort -committerdate --format %(refname)%00%(objectname)%00%(*objectname) [7ms]
2025-04-10 13:55:22.560 [info] > git merge-base refs/heads/main refs/remotes/origin/main [45ms]
2025-04-10 13:55:22.568 [info] > git diff --name-status -z --diff-filter=ADMR e329a6819583ee2f73d26f1494e12d0eb61d97dd...refs/remotes/origin/main [4ms]
2025-04-10 13:55:22.721 [info] > git status -z -uall [214ms]
2025-04-10 13:55:22.957 [info] > git check-ignore -v -z --stdin [8ms]
2025-04-10 13:55:22.959 [info] > git rev-parse --show-toplevel [3ms]
2025-04-10 13:55:22.980 [info] > git check-ignore -v -z --stdin [34ms]
2025-04-10 13:55:24.472 [info] > git config --get commit.template [5ms]
2025-04-10 13:55:24.474 [info] > git for-each-ref --format=%(refname)%00%(upstream:short)%00%(objectname)%00%(upstream:track)%00%(upstream:remotename)%00%(upstream:remoteref) refs/heads/main refs/remotes/main [3ms]
2025-04-10 13:55:24.489 [info] > git for-each-ref --sort -committerdate --format %(refname)%00%(objectname)%00%(*objectname) [6ms]
2025-04-10 13:55:24.774 [info] > git status -z -uall [295ms]
2025-04-10 13:55:31.545 [info] > git config --get commit.template [8ms]
2025-04-10 13:55:31.549 [info] > git for-each-ref --format=%(refname)%00%(upstream:short)%00%(objectname)%00%(upstream:track)%00%(upstream:remotename)%00%(upstream:remoteref) refs/heads/main refs/remotes/main [5ms]
2025-04-10 13:55:31.619 [info] > git for-each-ref --sort -committerdate --format %(refname)%00%(objectname)%00%(*objectname) [35ms]
2025-04-10 13:55:31.808 [info] > git status -z -uall [231ms]
2025-04-10 13:55:36.825 [info] > git config --get commit.template [5ms]
2025-04-10 13:55:36.827 [info] > git for-each-ref --format=%(refname)%00%(upstream:short)%00%(objectname)%00%(upstream:track)%00%(upstream:remotename)%00%(upstream:remoteref) refs/heads/main refs/remotes/main [3ms]
2025-04-10 13:55:36.840 [info] > git for-each-ref --sort -committerdate --format %(refname)%00%(objectname)%00%(*objectname) [3ms]
2025-04-10 13:55:37.059 [info] > git status -z -uall [226ms]
2025-04-10 13:55:42.077 [info] > git config --get commit.template [5ms]
2025-04-10 13:55:42.078 [info] > git for-each-ref --format=%(refname)%00%(upstream:short)%00%(objectname)%00%(upstream:track)%00%(upstream:remotename)%00%(upstream:remoteref) refs/heads/main refs/remotes/main [3ms]
2025-04-10 13:55:42.091 [info] > git for-each-ref --sort -committerdate --format %(refname)%00%(objectname)%00%(*objectname) [3ms]
2025-04-10 13:55:42.307 [info] > git status -z -uall [224ms]
2025-04-10 13:55:47.323 [info] > git config --get commit.template [5ms]
2025-04-10 13:55:47.325 [info] > git for-each-ref --format=%(refname)%00%(upstream:short)%00%(objectname)%00%(upstream:track)%00%(upstream:remotename)%00%(upstream:remoteref) refs/heads/main refs/remotes/main [3ms]
2025-04-10 13:55:47.336 [info] > git for-each-ref --sort -committerdate --format %(refname)%00%(objectname)%00%(*objectname) [4ms]
2025-04-10 13:55:47.522 [info] > git status -z -uall [192ms]
2025-04-10 13:55:52.538 [info] > git config --get commit.template [6ms]
2025-04-10 13:55:52.540 [info] > git for-each-ref --format=%(refname)%00%(upstream:short)%00%(objectname)%00%(upstream:track)%00%(upstream:remotename)%00%(upstream:remoteref) refs/heads/main refs/remotes/main [4ms]
2025-04-10 13:55:52.553 [info] > git for-each-ref --sort -committerdate --format %(refname)%00%(objectname)%00%(*objectname) [5ms]
2025-04-10 13:55:52.762 [info] > git status -z -uall [218ms]
2025-04-10 13:55:57.778 [info] > git config --get commit.template [5ms]
2025-04-10 13:55:57.779 [info] > git for-each-ref --format=%(refname)%00%(upstream:short)%00%(objectname)%00%(upstream:track)%00%(upstream:remotename)%00%(upstream:remoteref) refs/heads/main refs/remotes/main [2ms]
2025-04-10 13:55:57.790 [info] > git for-each-ref --sort -committerdate --format %(refname)%00%(objectname)%00%(*objectname) [3ms]
2025-04-10 13:55:57.973 [info] > git status -z -uall [190ms]
