2025-04-10 13:39:54.387 [info] [main] Log level: Info
2025-04-10 13:39:54.387 [info] [main] Validating found git in: "git"
2025-04-10 13:39:54.387 [info] [main] Using git "2.34.1" from "git"
2025-04-10 13:39:54.387 [info] [Model][doInitialScan] Initial repository scan started
2025-04-10 13:39:54.387 [info] > git rev-parse --show-toplevel [3ms]
2025-04-10 13:39:54.387 [info] fatal: not a git repository (or any of the parent directories): .git
2025-04-10 13:39:54.387 [info] > git rev-parse --show-toplevel [3ms]
2025-04-10 13:39:54.387 [info] fatal: not a git repository (or any of the parent directories): .git
2025-04-10 13:39:54.387 [info] > git rev-parse --show-toplevel [2ms]
2025-04-10 13:39:54.387 [info] fatal: not a git repository (or any of the parent directories): .git
2025-04-10 13:39:54.387 [info] > git rev-parse --show-toplevel [2ms]
2025-04-10 13:39:54.387 [info] fatal: not a git repository (or any of the parent directories): .git
2025-04-10 13:39:54.387 [info] > git rev-parse --show-toplevel [3ms]
2025-04-10 13:39:54.387 [info] fatal: not a git repository (or any of the parent directories): .git
2025-04-10 13:39:54.387 [info] > git rev-parse --show-toplevel [2ms]
2025-04-10 13:39:54.387 [info] fatal: not a git repository (or any of the parent directories): .git
2025-04-10 13:39:54.387 [info] > git rev-parse --show-toplevel [4ms]
2025-04-10 13:39:54.387 [info] > git rev-parse --git-dir --git-common-dir [2ms]
2025-04-10 13:39:54.387 [info] [Model][openRepository] Opened repository: /home/ubuntu/.nvm
2025-04-10 13:39:54.387 [info] > git config --get commit.template [4ms]
2025-04-10 13:39:54.387 [info] > git rev-parse --show-toplevel [2ms]
2025-04-10 13:39:54.387 [info] fatal: not a git repository (or any of the parent directories): .git
2025-04-10 13:39:54.387 [info] > git rev-parse --show-toplevel [1ms]
2025-04-10 13:39:54.387 [info] fatal: not a git repository (or any of the parent directories): .git
2025-04-10 13:39:54.387 [info] > git rev-parse --show-toplevel [3ms]
2025-04-10 13:39:54.387 [info] fatal: not a git repository (or any of the parent directories): .git
2025-04-10 13:39:54.387 [info] > git for-each-ref --format %(refname)%00%(objectname)%00%(*objectname) refs/tags [12ms]
2025-04-10 13:39:54.387 [info] > git for-each-ref --sort -committerdate --format %(refname)%00%(objectname)%00%(*objectname) [6ms]
2025-04-10 13:39:54.387 [info] > git rev-parse --show-toplevel [5ms]
2025-04-10 13:39:54.387 [info] fatal: not a git repository (or any of the parent directories): .git
2025-04-10 13:39:54.390 [info] > git rev-parse --show-toplevel [3ms]
2025-04-10 13:39:54.390 [info] fatal: not a git repository (or any of the parent directories): .git
2025-04-10 13:39:54.397 [info] [Model][doInitialScan] Initial repository scan completed - repositories (1), closed repositories (0), parent repositories (0), unsafe repositories (0)
2025-04-10 13:39:54.502 [info] > git status -z -uall [135ms]
2025-04-10 13:39:54.556 [info] > git config --get commit.template [8ms]
2025-04-10 13:39:54.591 [info] > git for-each-ref --format %(refname)%00%(objectname)%00%(*objectname) refs/tags [37ms]
2025-04-10 13:39:54.603 [info] > git for-each-ref --sort -committerdate --format %(refname)%00%(objectname)%00%(*objectname) [6ms]
2025-04-10 13:39:54.617 [info] > git status -z -uall [24ms]
2025-04-10 13:39:55.058 [info] > git check-ignore -v -z --stdin [2ms]
2025-04-10 13:39:55.125 [info] > git rev-parse --show-toplevel [3ms]
2025-04-10 13:41:41.245 [info] > git rev-parse --show-toplevel [2ms]
2025-04-10 13:41:41.251 [info] > git rev-parse --git-dir --git-common-dir [2ms]
2025-04-10 13:41:41.258 [info] [Model][openRepository] Opened repository: /home/ubuntu
2025-04-10 13:41:41.264 [info] [Git][getRemotes] No remotes found in the git config file
2025-04-10 13:41:41.269 [info] > git config --get commit.template [6ms]
2025-04-10 13:41:41.270 [info] > git for-each-ref --format=%(refname)%00%(upstream:short)%00%(objectname)%00%(upstream:track)%00%(upstream:remotename)%00%(upstream:remoteref) refs/heads/master refs/remotes/master [2ms]
2025-04-10 13:41:41.270 [warning] [Git][getBranch] No such branch: master
2025-04-10 13:41:41.281 [info] > git for-each-ref --sort -committerdate --format %(refname)%00%(objectname)%00%(*objectname) [3ms]
2025-04-10 13:41:43.505 [info] > git status -z -uall [2231ms] (cancelled)
2025-04-10 13:41:43.505 [info] > git for-each-ref --format=%(refname)%00%(upstream:short)%00%(objectname)%00%(upstream:track)%00%(upstream:remotename)%00%(upstream:remoteref) refs/heads/master refs/remotes/master [1765ms]
2025-04-10 13:41:43.505 [warning] [Git][getBranch] No such branch: master
2025-04-10 13:41:43.507 [error] [GitHistoryProvider][resolveHEADMergeBase] Failed to resolve merge base for master: Error: No such branch: master.
2025-04-10 13:41:43.540 [info] > git config --get commit.template [38ms]
2025-04-10 13:41:43.541 [info] > git check-ignore -v -z --stdin [10ms]
2025-04-10 13:41:43.543 [info] > git check-ignore -v -z --stdin [6ms]
2025-04-10 13:41:43.550 [info] [Git][getRemotes] No remotes found in the git config file
2025-04-10 13:41:43.552 [info] > git for-each-ref --format=%(refname)%00%(upstream:short)%00%(objectname)%00%(upstream:track)%00%(upstream:remotename)%00%(upstream:remoteref) refs/heads/master refs/remotes/master [2ms]
2025-04-10 13:41:43.552 [warning] [Git][getBranch] No such branch: master
2025-04-10 13:41:43.580 [info] > git for-each-ref --sort -committerdate --format %(refname)%00%(objectname)%00%(*objectname) [7ms]
2025-04-10 13:41:43.811 [info] > git status -z -uall [251ms] (cancelled)
2025-04-10 13:42:37.451 [info] > git check-ignore -v -z --stdin [3ms]
2025-04-10 13:42:58.828 [info] [Git][getRemotes] No remotes found in the git config file
2025-04-10 13:42:58.829 [info] > git config --get commit.template [6ms]
2025-04-10 13:42:58.830 [info] > git for-each-ref --format=%(refname)%00%(upstream:short)%00%(objectname)%00%(upstream:track)%00%(upstream:remotename)%00%(upstream:remoteref) refs/heads/master refs/remotes/master [2ms]
2025-04-10 13:42:58.830 [warning] [Git][getBranch] No such branch: master
2025-04-10 13:42:58.840 [info] > git for-each-ref --sort -committerdate --format %(refname)%00%(objectname)%00%(*objectname) [4ms]
2025-04-10 13:43:01.217 [info] > git status -z -uall [2384ms] (cancelled)
2025-04-10 13:45:21.028 [info] > git check-ignore -v -z --stdin [15ms]
2025-04-10 13:46:53.380 [info] > git config --get commit.template [6ms]
2025-04-10 13:46:53.380 [info] > git for-each-ref --format=%(refname)%00%(upstream:short)%00%(objectname)%00%(upstream:track)%00%(upstream:remotename)%00%(upstream:remoteref) refs/heads/main refs/remotes/main [2ms]
2025-04-10 13:46:53.381 [warning] [Git][getBranch] No such branch: main
2025-04-10 13:46:53.391 [info] > git for-each-ref --sort -committerdate --format %(refname)%00%(objectname)%00%(*objectname) [3ms]
2025-04-10 13:46:53.778 [info] > git status -z -uall [394ms] (cancelled)
2025-04-10 13:46:53.779 [info] > git for-each-ref --format=%(refname)%00%(upstream:short)%00%(objectname)%00%(upstream:track)%00%(upstream:remotename)%00%(upstream:remoteref) refs/heads/main refs/remotes/main [4ms]
2025-04-10 13:46:53.779 [warning] [Git][getBranch] No such branch: main
2025-04-10 13:46:53.780 [error] [GitHistoryProvider][resolveHEADMergeBase] Failed to resolve merge base for main: Error: No such branch: main.
2025-04-10 13:48:10.418 [info] > git config --get commit.template [6ms]
2025-04-10 13:48:10.420 [info] > git for-each-ref --format=%(refname)%00%(upstream:short)%00%(objectname)%00%(upstream:track)%00%(upstream:remotename)%00%(upstream:remoteref) refs/heads/main refs/remotes/main [3ms]
2025-04-10 13:48:10.435 [info] > git for-each-ref --sort -committerdate --format %(refname)%00%(objectname)%00%(*objectname) [4ms]
2025-04-10 13:48:10.656 [info] > git status -z -uall [231ms]
2025-04-10 13:48:18.976 [info] > git config --get commit.template [5ms]
2025-04-10 13:48:18.977 [info] > git for-each-ref --format=%(refname)%00%(upstream:short)%00%(objectname)%00%(upstream:track)%00%(upstream:remotename)%00%(upstream:remoteref) refs/heads/main refs/remotes/main [3ms]
2025-04-10 13:48:18.987 [info] > git for-each-ref --sort -committerdate --format %(refname)%00%(objectname)%00%(*objectname) [3ms]
2025-04-10 13:48:19.217 [info] > git status -z -uall [235ms]
2025-04-10 13:48:24.521 [info] > git config --get commit.template [6ms]
2025-04-10 13:48:24.523 [info] > git for-each-ref --format=%(refname)%00%(upstream:short)%00%(objectname)%00%(upstream:track)%00%(upstream:remotename)%00%(upstream:remoteref) refs/heads/main refs/remotes/main [3ms]
2025-04-10 13:48:24.533 [info] > git for-each-ref --sort -committerdate --format %(refname)%00%(objectname)%00%(*objectname) [2ms]
2025-04-10 13:48:24.750 [info] > git status -z -uall [223ms]
2025-04-10 13:48:47.481 [info] > git config --get commit.template [5ms]
2025-04-10 13:48:47.482 [info] > git for-each-ref --format=%(refname)%00%(upstream:short)%00%(objectname)%00%(upstream:track)%00%(upstream:remotename)%00%(upstream:remoteref) refs/heads/main refs/remotes/main [2ms]
2025-04-10 13:48:47.492 [info] > git for-each-ref --sort -committerdate --format %(refname)%00%(objectname)%00%(*objectname) [3ms]
2025-04-10 13:48:47.701 [info] > git status -z -uall [216ms]
2025-04-10 13:48:52.719 [info] > git config --get commit.template [6ms]
2025-04-10 13:48:52.720 [info] > git for-each-ref --format=%(refname)%00%(upstream:short)%00%(objectname)%00%(upstream:track)%00%(upstream:remotename)%00%(upstream:remoteref) refs/heads/main refs/remotes/main [2ms]
2025-04-10 13:48:52.733 [info] > git for-each-ref --sort -committerdate --format %(refname)%00%(objectname)%00%(*objectname) [3ms]
2025-04-10 13:48:52.935 [info] > git status -z -uall [210ms]
2025-04-10 13:49:34.940 [info] > git config --get commit.template [6ms]
2025-04-10 13:49:34.949 [info] > git for-each-ref --format=%(refname)%00%(upstream:short)%00%(objectname)%00%(upstream:track)%00%(upstream:remotename)%00%(upstream:remoteref) refs/heads/main refs/remotes/main [3ms]
2025-04-10 13:49:34.963 [info] > git for-each-ref --sort -committerdate --format %(refname)%00%(objectname)%00%(*objectname) [3ms]
2025-04-10 13:49:35.155 [info] > git status -z -uall [201ms]
2025-04-10 13:49:44.979 [info] > git config --get commit.template [7ms]
2025-04-10 13:49:44.981 [info] > git for-each-ref --format=%(refname)%00%(upstream:short)%00%(objectname)%00%(upstream:track)%00%(upstream:remotename)%00%(upstream:remoteref) refs/heads/main refs/remotes/main [3ms]
2025-04-10 13:49:44.996 [info] > git for-each-ref --sort -committerdate --format %(refname)%00%(objectname)%00%(*objectname) [3ms]
2025-04-10 13:49:45.188 [info] > git status -z -uall [200ms]
2025-04-10 13:49:45.207 [info] > git merge-base refs/heads/main refs/remotes/origin/main [4ms]
2025-04-10 13:49:45.218 [info] > git diff --name-status -z --diff-filter=ADMR e329a6819583ee2f73d26f1494e12d0eb61d97dd...refs/remotes/origin/main [3ms]
2025-04-10 13:49:55.800 [info] > git config --get commit.template [6ms]
2025-04-10 13:49:55.802 [info] > git for-each-ref --format=%(refname)%00%(upstream:short)%00%(objectname)%00%(upstream:track)%00%(upstream:remotename)%00%(upstream:remoteref) refs/heads/main refs/remotes/main [4ms]
2025-04-10 13:49:55.844 [info] > git for-each-ref --sort -committerdate --format %(refname)%00%(objectname)%00%(*objectname) [4ms]
2025-04-10 13:49:56.050 [info] > git status -z -uall [226ms]
